<?xml version="1.0" encoding="UTF-8"?>
<!-- Generated by org.testng.reporters.JUnitReportReporter -->
<testsuite hostname="BUL0000566.local" failures="0" tests="1" name="com.test_scripts.poker.sportsbook.betting.CashoutBet" time="0.515" errors="0" timestamp="19 Aug 2019 15:54:21 GMT" skipped="0">
  <testcase classname="com.test_scripts.poker.sportsbook.betting.CashoutBet" name="cashoutBet" time="0.515"/>
</testsuite> <!-- com.scriptspts.uat.sportsbookk.CashoutBet -->
