<?xml version="1.0" encoding="UTF-8"?>
<!-- Generated by org.testng.reporters.JUnitReportReporter -->
<testsuite skipped="0" hostname="BG5CG9014307" name="com.test_suites.examples.TC_01_Example_URLConnection.ID_04_BrowseQuotes" tests="2" failures="0" timestamp="24 Apr 2019 15:26:39 GMT" time="0.257" errors="1">
  <testcase name="getQuotes" time="0.005" classname="com.test_suites.examples.TC_01_Example_URLConnection.ID_04_BrowseQuotes"/>
  <testcase name="report" time="0.252" classname="com.test_suites.examples.TC_01_Example_URLConnection.ID_04_BrowseQuotes">
    <error type="org.json.simple.parser.ParseException">
        <![CDATA[Unexpected character (A) at position 0.
at org.json.simple.parser.Yylex.yylex(Unknown Source)
at org.json.simple.parser.JSONParser.nextToken(Unknown Source)
at org.json.simple.parser.JSONParser.parse(Unknown Source)
at org.json.simple.parser.JSONParser.parse(Unknown Source)
at com.demo.config.BasicTestConfig.report(BasicSetup.java:146)
at sun.reflect.NativeMethodAccessorImpl.invoke0(Native Method)
at sun.reflect.NativeMethodAccessorImpl.invoke(Unknown Source)
at sun.reflect.DelegatingMethodAccessorImpl.invoke(Unknown Source)
at java.lang.reflect.Method.invoke(Unknown Source)
at org.testng.internal.MethodInvocationHelper.invokeMethod(MethodInvocationHelper.java:124)
at org.testng.internal.MethodInvocationHelper.invokeMethodConsideringTimeout(MethodInvocationHelper.java:59)
at org.testng.internal.Invoker.invokeConfigurationMethod(Invoker.java:455)
at org.testng.internal.Invoker.invokeConfigurations(Invoker.java:222)
at org.testng.internal.Invoker.invokeMethod(Invoker.java:643)
at org.testng.internal.Invoker.invokeTestMethod(Invoker.java:716)
at org.testng.internal.Invoker.invokeTestMethods(Invoker.java:988)
at org.testng.internal.TestMethodWorker.invokeTestMethods(TestMethodWorker.java:125)
at org.testng.internal.TestMethodWorker.run(TestMethodWorker.java:109)
at java.util.concurrent.ThreadPoolExecutor.runWorker(Unknown Source)
at java.util.concurrent.ThreadPoolExecutor$Worker.run(Unknown Source)
at java.lang.Thread.run(Unknown Source)
]]>
    </error>
  </testcase> <!-- generateReport -->
</testsuite> <!-- com.scriptspts.TC_01_Example_URLConnection_URLConnection.ID_04_BrowseQuotes -->
