<?xml version="1.0" encoding="UTF-8"?>
<!-- Generated by org.testng.reporters.JUnitReportReporter -->
<testsuite skipped="0" hostname="BG5CG9014307" name="com.test_suites.examples.TC_02_Example_HttpClient.Fly.ID_01_AccessToken" tests="1" failures="0" timestamp="24 Apr 2019 15:26:39 GMT" time="0.720" errors="0">
  <testcase name="get" time="0.720" classname="com.test_suites.examples.TC_02_Example_HttpClient.Fly.ID_01_AccessToken"/>
</testsuite> <!-- com.scriptspts.TC_01_Example_URLConnection_URLConnection.HttpClient_POST -->
