<?xml version="1.0" encoding="UTF-8"?>
<!-- Generated by org.testng.reporters.JUnitReportReporter -->
<testsuite skipped="0" hostname="BG5CG9014307" name="com.test_suites.examples.TC_03_Example_UI.ID_01_OpenCart" tests="3" failures="0" timestamp="04 May 2019 09:04:11 GMT" time="8.954" errors="0">
  <testcase name="checkCart" time="2.497" classname="com.test_suites.examples.TC_03_Example_UI.ID_01_OpenCart"/>
  <testcase name="searchItem" time="3.067" classname="com.test_suites.examples.TC_03_Example_UI.ID_01_OpenCart"/>
  <testcase name="openHomePage" time="3.390" classname="com.test_suites.examples.TC_03_Example_UI.ID_01_OpenCart"/>
</testsuite> <!-- com.scriptspts.examples.TC_03_Example_UI.ID_01_OpenCart-->
