<?xml version="1.0" encoding="UTF-8"?>
<!-- Generated by org.testng.reporters.JUnitReportReporter -->
<testsuite skipped="0" hostname="BG5CG9014307" name="com.test_suites.examples.TC_03_Example_UI.ID_02_AddToCart" tests="3" failures="0" timestamp="09 May 2019 13:27:30 GMT" time="12.789" errors="0">
  <testcase name="openItem" time="5.077" classname="com.test_suites.examples.TC_03_Example_UI.ID_02_AddToCart"/>
  <testcase name="searchItem" time="2.815" classname="com.test_suites.examples.TC_03_Example_UI.ID_02_AddToCart"/>
  <testcase name="openHomePage" time="4.897" classname="com.test_suites.examples.TC_03_Example_UI.ID_02_AddToCart"/>
</testsuite> <!-- com.scriptspts.examples.TC_03_Example_UI.ID_02_AddToCart -->
