<?xml version="1.0" encoding="UTF-8"?>
<!-- Generated by org.testng.reporters.JUnitReportReporter -->
<testsuite skipped="0" hostname="BUL0000566.local" name="com.test_scripts.poker.sportsbook.ID_07_Cashout" tests="1" failures="0" timestamp="22 Jul 2019 14:47:06 GMT" time="0.109" errors="0">
  <testcase name="betCashout" time="0.109" classname="com.test_scripts.poker.sportsbook.ID_07_Cashout"/>
</testsuite> <!-- com.scriptspts.uat.sportsbookk.ID_07_Cashout -->
