<?xml version="1.0" encoding="UTF-8"?>
<!-- Generated by org.testng.reporters.JUnitReportReporter -->
<testsuite skipped="0" hostname="BUL0000566.local" name="com.test_scripts.poker.sportsbook.ID_02_SignIn" tests="1" failures="0" timestamp="04 Jul 2019 11:26:53 GMT" time="0.003" errors="0">
  <testcase name="signIn" time="0.003" classname="com.test_scripts.poker.sportsbook.ID_02_SignIn"/>
</testsuite> <!-- com.scriptspts.uat.TC_01_Bet_SignIn -->
