<?xml version="1.0" encoding="UTF-8"?>
<!-- Generated by org.testng.reporters.JUnitReportReporter -->
<testsuite skipped="0" hostname="BG5CG9014307" name="com.test_suites.examples.TC_02_Example_HttpClient.Fly.ID_04_SignIn" tests="1" failures="0" timestamp="27 Apr 2019 12:42:59 GMT" time="0.352" errors="0">
  <testcase name="get" time="0.352" classname="com.test_suites.examples.TC_02_Example_HttpClient.Fly.ID_04_SignIn"/>
</testsuite> <!-- com.scriptspts.examples.TC_02_Example_HttpClient.ID_03_SignInIn -->
