<?xml version="1.0" encoding="UTF-8"?>
<!-- Generated by org.testng.reporters.JUnitReportReporter -->
<testsuite hostname="BUL0000566.local" failures="0" tests="1" name="com.test_scripts.poker.sportsbook.FootballSportTree" time="2.576" errors="0" timestamp="09 Aug 2019 12:18:36 GMT" skipped="0">
  <testcase classname="com.test_scripts.poker.sportsbook.FootballSportTree" name="getSportsTree" time="2.576"/>
</testsuite> <!-- com.scriptspts.uat.sportsbookk.ID_04_GetFootballSportTreeortTree -->
