<?xml version="1.0" encoding="UTF-8"?>
<!-- Generated by org.testng.reporters.JUnitReportReporter -->
<testsuite skipped="0" hostname="BG5CG9014307" name="com.test_suites.examples.TC_02_Example_HttpClient.Fly.ID_03_Authenticate" tests="1" failures="0" timestamp="11 May 2019 16:52:20 GMT" time="0.454" errors="0">
  <testcase name="authentication" time="0.454" classname="com.test_suites.examples.TC_02_Example_HttpClient.Fly.ID_03_Authenticate"/>
</testsuite> <!-- com.scriptspts.examples.TC_02_Example_HttpClient.Fly.ID_03_Authenticate -->
