<?xml version="1.0" encoding="UTF-8"?>
<!-- Generated by org.testng.reporters.JUnitReportReporter -->
<testsuite skipped="0" hostname="BG5CG9014307" name="com.test_suites.examples.TC_02_Example_HttpClient.Fly.ID_01_AccessToken" tests="1" failures="0" timestamp="26 Apr 2019 11:57:13 GMT" time="0.648" errors="0">
  <testcase name="get" time="0.648" classname="com.test_suites.examples.TC_02_Example_HttpClient.Fly.ID_01_AccessToken"/>
</testsuite> <!-- com.scriptspts.examples.TC_02_Example_HttpClient.ID_01_POST_AccessTokenAccessToken