<?xml version="1.0" encoding="UTF-8"?>
<!-- Generated by org.testng.reporters.JUnitReportReporter -->
<testsuite skipped="0" hostname="BUL0000566.local" name="com.test_suites.examples.TC_02_Example_HttpClient.Fly.ID_09_Order" tests="1" failures="0" timestamp="08 Jul 2019 14:32:16 GMT" time="0.131" errors="0">
  <testcase name="setOrder" time="0.131" classname="com.test_suites.examples.TC_02_Example_HttpClient.Fly.ID_09_Order"/>
</testsuite> <!-- com.scriptspts.examples.TC_02_Example_HttpClient.Fly.ID_09_Order -->
