<?xml version="1.0" encoding="UTF-8"?>
<!-- Generated by org.testng.reporters.JUnitReportReporter -->
<testsuite skipped="0" hostname="BG5CG9014307" name="com.test_suites.examples.TC_02_Example_HttpClient.Fly.ID_05_AddUserInfo" tests="1" failures="0" timestamp="09 May 2019 19:23:49 GMT" time="0.341" errors="0">
  <testcase name="addInfo" time="0.341" classname="com.test_suites.examples.TC_02_Example_HttpClient.Fly.ID_05_AddUserInfo"/>
</testsuite> <!-- com.scriptspts.examples.TC_02_Example_HttpClient.Fly.ID_05_AddUserInfo