<?xml version="1.0" encoding="UTF-8"?>
<!-- Generated by org.testng.reporters.JUnitReportReporter -->
<testsuite skipped="0" hostname="BUL0000566.local" name="com.test_scripts.uat.TC_02_Sumo.API.ID_01_PromotionsPage" tests="1" failures="0" timestamp="12 Jul 2019 08:25:22 GMT" time="0.478" errors="0">
  <testcase name="getPromotionConfigurations" time="0.478" classname="com.test_scripts.uat.TC_02_Sumo.API.ID_01_PromotionsPage"/>
</testsuite> <!-- com.scriptspts.uat.TC_02_Sumo.API.ID_01_PromotionsPage -->
