<?xml version="1.0" encoding="UTF-8"?>
<!-- Generated by org.testng.reporters.JUnitReportReporter -->
<testsuite skipped="0" hostname="BUL0000566.local" name="com.test_suites.examples.TC_03_Example_UI.ID_01_OpenCart" tests="3" failures="0" timestamp="08 Jul 2019 14:32:16 GMT" time="11.017" errors="0">
  <testcase name="searchItem" time="0.296" classname="com.test_suites.examples.TC_03_Example_UI.ID_01_OpenCart"/>
  <testcase name="checkCart" time="1.197" classname="com.test_suites.examples.TC_03_Example_UI.ID_01_OpenCart"/>
  <testcase name="openHomePage" time="9.524" classname="com.test_suites.examples.TC_03_Example_UI.ID_01_OpenCart"/>
</testsuite> <!-- com.scriptspts.examples.TC_03_Example_UI.ID_01_OpenCart -->
