<?xml version="1.0" encoding="UTF-8"?>
<!-- Generated by org.testng.reporters.JUnitReportReporter -->
<testsuite hostname="BUL0000566.local" failures="0" tests="1" name="com.test_scripts.poker.sportsbook.betting.OpenBets" time="0.918" errors="0" timestamp="12 Aug 2019 10:59:23 GMT" skipped="0">
  <testcase classname="com.test_scripts.poker.sportsbook.betting.OpenBets" name="openBets" time="0.918"/>
</testsuite> <!-- com.scriptspts.uat.sportsbookk.ID_05_OpenBets -->
