<?xml version="1.0" encoding="UTF-8"?>
<!-- Generated by org.testng.reporters.JUnitReportReporter -->
<testsuite hostname="BUL0000566.local" failures="0" tests="1" name="com.test_scripts.poker.sportsbook.ID_03_GetOpenBets" time="1.143" errors="0" timestamp="12 Aug 2019 10:59:23 GMT" skipped="0">
  <testcase classname="com.test_scripts.poker.sportsbook.ID_03_GetOpenBets" name="getOpenBets" time="1.143"/>
</testsuite> <!-- com.scriptspts.uat.sportsbookk.ID_03_GetOpenBets -->
