<?xml version="1.0" encoding="UTF-8"?>
<!-- Generated by org.testng.reporters.JUnitReportReporter -->
<testsuite skipped="0" hostname="BUL0000566.local" name="com.test_scripts.poker.sportsbook.ID_07_Cashout" tests="1" failures="0" timestamp="02 Aug 2019 18:24:14 GMT" time="0.439" errors="1">
  <testcase name="betCashout" time="0.439" classname="com.test_scripts.poker.sportsbook.ID_07_Cashout">
    <error type="java.lang.IllegalArgumentException" message="Parameter specified as non-null is null: method okhttp3.FormBody$Builder.add, parameter value">
        <![CDATA[java.lang.IllegalArgumentException: Parameter specified as non-null is null: method okhttp3.FormBody$Builder.add, parameter value
at okhttp3.FormBody$Builder.add(FormBody.kt)
at com.test_scripts.poker.sportsbook.ID_07_Cashout.betCashout(ID_07_Cashout.java:54)
at sun.reflect.NativeMethodAccessorImpl.invoke0(Native Method)
at sun.reflect.NativeMethodAccessorImpl.invoke(NativeMethodAccessorImpl.java:62)
at sun.reflect.DelegatingMethodAccessorImpl.invoke(DelegatingMethodAccessorImpl.java:43)
at java.lang.reflect.Method.invoke(Method.java:498)
at org.testng.internal.MethodInvocationHelper.invokeMethod(MethodInvocationHelper.java:124)
at org.testng.internal.Invoker.invokeMethod(Invoker.java:583)
at org.testng.internal.Invoker.invokeTestMethod(Invoker.java:719)
at org.testng.internal.Invoker.invokeTestMethods(Invoker.java:989)
at org.testng.internal.TestMethodWorker.invokeTestMethods(TestMethodWorker.java:125)
at org.testng.internal.TestMethodWorker.run(TestMethodWorker.java:109)
at org.testng.TestRunner.privateRun(TestRunner.java:648)
at org.testng.TestRunner.run(TestRunner.java:505)
at org.testng.SuiteRunner.runTest(SuiteRunner.java:455)
at org.testng.SuiteRunner.access$000(SuiteRunner.java:40)
at org.testng.SuiteRunner$SuiteWorker.run(SuiteRunner.java:489)
at org.testng.internal.thread.ThreadUtil$1.call(ThreadUtil.java:52)
at java.util.concurrent.FutureTask.run(FutureTask.java:266)
at java.util.concurrent.ThreadPoolExecutor.runWorker(ThreadPoolExecutor.java:1149)
at java.util.concurrent.ThreadPoolExecutor$Worker.run(ThreadPoolExecutor.java:624)
at java.lang.Thread.run(Thread.java:748)
]]>
    </error>
  </testcase> <!-- betCashout -->
</testsuite> <!-- com.scriptspts.uat.sportsbookk.ID_07_Cashout -->
