<?xml version="1.0" encoding="UTF-8"?>
<!-- Generated by org.testng.reporters.JUnitReportReporter -->
<testsuite skipped="0" hostname="BG5CG9014307" name="com.test_suites.examples.TC_01_Example_URLConnection.ID_03_SignIn" tests="1" failures="0" timestamp="24 Apr 2019 15:26:39 GMT" time="0.414" errors="0">
  <testcase name="signIn" time="0.414" classname="com.test_suites.examples.TC_01_Example_URLConnection.ID_03_SignIn"/>
</testsuite> <!-- com.scriptspts.TC_01_Example_URLConnection_URLConnection.ID_04_SignIn -->
