<?xml version="1.0" encoding="UTF-8"?>
<!-- Generated by org.testng.reporters.JUnitReportReporter -->
<testsuite skipped="0" hostname="BUL0000566.local" name="com.test_scripts.uat.TC_02_Sumo.UI.ID_01_Promotions" tests="4" failures="0" timestamp="19 Jul 2019 15:15:47 GMT" time="11.859" errors="0">
  <testcase name="checkTable" time="0.197" classname="com.test_scripts.uat.TC_02_Sumo.UI.ID_01_Promotions"/>
  <testcase name="openSumoHomePage" time="3.210" classname="com.test_scripts.uat.TC_02_Sumo.UI.ID_01_Promotions"/>
  <testcase name="selectionBtnState" time="2.420" classname="com.test_scripts.uat.TC_02_Sumo.UI.ID_01_Promotions"/>
  <testcase name="noSelectionBtnState" time="6.032" classname="com.test_scripts.uat.TC_02_Sumo.UI.ID_01_Promotions"/>
</testsuite> <!-- com.scriptspts.uat.TC_02_Sumo.UI.ID_01_Promotions -->
