<?xml version="1.0" encoding="UTF-8"?>
<!-- Generated by org.testng.reporters.JUnitReportReporter -->
<testsuite hostname="BUL0000566.local" failures="0" tests="1" name="com.test_scripts.poker.sportsbook.externalLogin" time="1.243" errors="0" timestamp="30 Aug 2019 18:42:52 GMT" skipped="0">
  <testcase classname="com.test_scripts.poker.sportsbook.externalLogin" name="externalLogin" time="1.243"/>
</testsuite> <!-- com.scriptspts.uat.sportsbookk.ExternalLogin -->
