<?xml version="1.0" encoding="UTF-8"?>
<!-- Generated by org.testng.reporters.JUnitReportReporter -->
<testsuite skipped="0" hostname="BUL0000566.local" name="com.test_scripts.poker.sportsbook.ID_02_PushMessage" tests="1" failures="0" timestamp="04 Jul 2019 14:42:10 GMT" time="0.851" errors="0">
  <testcase name="pushMsg" time="0.851" classname="com.test_scripts.poker.sportsbook.ID_02_PushMessage"/>
</testsuite> <!-- com.scriptspts.uat.TC_01_Bet_PushMessage -->
