<?xml version="1.0" encoding="UTF-8"?>
<!-- Generated by org.testng.reporters.JUnitReportReporter -->
<testsuite skipped="0" hostname="BUL0000566.local" name="com.test_suites.examples.TC_02_Example_HttpClient.Fly.ID_06_UserInfo" tests="1" failures="0" timestamp="08 Jul 2019 14:32:16 GMT" time="0.258" errors="0">
  <testcase name="getUserObject" time="0.258" classname="com.test_suites.examples.TC_02_Example_HttpClient.Fly.ID_06_UserInfo"/>
</testsuite> <!-- com.scriptspts.examples.TC_02_Example_HttpClient.Fly.ID_06_UserInfo -->
