<?xml version="1.0" encoding="UTF-8"?>
<!-- Generated by org.testng.reporters.JUnitReportReporter -->
<testsuite skipped="0" hostname="BUL0000566.local" name="com.test_scripts.poker.sportsbook.ID_05_GetBetStatus" tests="1" failures="0" timestamp="02 Aug 2019 18:24:14 GMT" time="0.630" errors="0">
  <testcase name="getBetStatus" time="0.630" classname="com.test_scripts.poker.sportsbook.ID_05_GetBetStatus"/>
</testsuite> <!-- com.scriptspts.uat.sportsbookk.ID_05_GetBetStatus -->
