<?xml version="1.0" encoding="UTF-8"?>
<!-- Generated by org.testng.reporters.JUnitReportReporter -->
<testsuite skipped="0" hostname="BG5CG9014307" name="com.test_suites.examples.TC_02_Example_HttpClient.Fly.ID_03_Authenticate" tests="1" failures="0" timestamp="09 May 2019 19:23:49 GMT" time="0.402" errors="0">
  <testcase name="authentication" time="0.402" classname="com.test_suites.examples.TC_02_Example_HttpClient.Fly.ID_03_Authenticate"/>
</testsuite> <!-- com.scriptspts.examples.TC_02_Example_HttpClient.Fly.ID_03_Authenticate