<?xml version="1.0" encoding="UTF-8"?>
<!-- Generated by org.testng.reporters.JUnitReportReporter -->
<testsuite skipped="0" hostname="BUL0000508.local" name="com.test_suites.examples.TC_02_Example_HttpClient.PayPal.ID_01_Token" tests="1" failures="0" timestamp="30 Jun 2019 21:19:06 GMT" time="1.801" errors="0">
  <testcase name="getToken" time="1.801" classname="com.test_suites.examples.TC_02_Example_HttpClient.PayPal.ID_01_Token"/>
</testsuite> <!-- com.scriptspts.examples.TC_02_Example_HttpClient.PayPal.ID_01_Token -->
