<?xml version="1.0" encoding="UTF-8"?>
<!-- Generated by org.testng.reporters.JUnitReportReporter -->
<testsuite skipped="0" hostname="BUL0000566.local" name="com.test_scripts.uat.TC_02_Sumo.API.ID_01_PromotionsPage" tests="1" failures="0" timestamp="10 Jul 2019 11:43:38 GMT" time="0.606" errors="0">
  <testcase name="getPromotionConfigurations" time="0.606" classname="com.test_scripts.uat.TC_02_Sumo.API.ID_01_PromotionsPage"/>
</testsuite> <!-- com.scriptspts.TC_05_Sumo_01_PromotionsPage -->
