<?xml version="1.0" encoding="UTF-8"?>
<!-- Generated by org.testng.reporters.JUnitReportReporter -->
<testsuite skipped="0" hostname="BUL0000566.local" name="com.test_scripts.poker.sportsbook.externalLogin" tests="1" failures="0" timestamp="19 Jul 2019 15:15:47 GMT" time="0.864" errors="0">
  <testcase name="externalLogin" time="0.864" classname="com.test_scripts.poker.sportsbook.externalLogin"/>
</testsuite> <!-- com.scriptspts.uat.TC_01_Bet_ExternalLogin -->
