<?xml version="1.0" encoding="UTF-8"?>
<!-- Generated by org.testng.reporters.JUnitReportReporter -->
<testsuite skipped="0" hostname="BG5CG9014307" name="com.test_suites.examples.TC_02_Example_HttpClient.Fly.ID_06_UserInfo" tests="1" failures="0" timestamp="06 May 2019 12:55:45 GMT" time="1.474" errors="0">
  <testcase name="getUserObject" time="1.474" classname="com.test_suites.examples.TC_02_Example_HttpClient.Fly.ID_06_UserInfo"/>
</testsuite> <!-- com.scriptspts.examples.TC_02_Example_HttpClient.ID_06_POST_UserInfoo -->
