<?xml version="1.0" encoding="UTF-8"?>
<!-- Generated by org.testng.reporters.JUnitReportReporter -->
<testsuite hostname="BUL0000566.local" failures="0" tests="1" name="com.test_scripts.poker.sportsbook.betting.PlaceBet" time="8.043" errors="0" timestamp="12 Aug 2019 10:59:23 GMT" skipped="0">
  <testcase classname="com.test_scripts.poker.sportsbook.betting.PlaceBet" name="placeBet" time="8.043"/>
</testsuite> <!-- com.scriptspts.uat.sportsbookk.ID_04_PlaceBet -->
