<?xml version="1.0" encoding="UTF-8"?>
<!-- Generated by org.testng.reporters.JUnitReportReporter -->
<testsuite skipped="0" hostname="BG5CG9014307" name="com.test_suites.examples.TC_01_Example_URLConnection.ID_01_AccessToken" tests="1" failures="0" timestamp="27 Apr 2019 12:42:59 GMT" time="0.981" errors="0">
  <testcase name="getAccessToken" time="0.981" classname="com.test_suites.examples.TC_01_Example_URLConnection.ID_01_AccessToken"/>
</testsuite> <!-- com.scriptspts.examples.TC_01_Example_URLConnection.ID_01_Token -->
