<?xml version="1.0" encoding="UTF-8"?>
<!-- Generated by org.testng.reporters.JUnitReportReporter -->
<testsuite skipped="0" hostname="BG5CG9014307" name="com.test_suites.examples.TC_02_Example_HttpClient.Fly.ID_01_AccessToken" tests="1" failures="0" timestamp="02 May 2019 19:35:04 GMT" time="0.739" errors="0">
  <testcase name="get" time="0.739" classname="com.test_suites.examples.TC_02_Example_HttpClient.Fly.ID_01_AccessToken"/>
</testsuite> <!-- com.scriptspts.examples.TC_02_Example_HttpClient.ID_01_POST_AccessTokenAccessToken -->
